-- Found ament_cmake: 2.0.6 (/opt/ros/iron/share/ament_cmake/cmake)
-- Override CMake install command with custom implementation using symlinks instead of copying resources
-- Found ament_lint_auto: 0.14.4 (/opt/ros/iron/share/ament_lint_auto/cmake)
-- Added test 'copyright' to check source files copyright and LICENSE
-- Added test 'cppcheck' to perform static code analysis on C / C++ code
-- Configured cppcheck include dirs: 
-- Configured cppcheck exclude dirs and/or files: 
-- Added test 'cpplint' to check C / C++ code against the Google style
-- Configured cpplint exclude dirs and/or files: 
-- Added test 'flake8' to check Python code syntax and style conventions
-- Configured 'flake8' exclude dirs and/or files: 
-- Added test 'lint_cmake' to check CMake code style
-- Added test 'pep257' to check Python code against some of the docstring style conventions in PEP 257
-- Added test 'uncrustify' to check C / C++ code style
-- Configured uncrustify additional arguments: 
-- Added test 'xmllint' to check XML markup files
-- Configuring done
-- Generating done
-- Build files have been written to: /home/dominikfink/dev_ws/build/articubot_one
-- Install configuration: ""
-- Execute custom install script
-- Up-to-date symlink: /home/dominikfink/dev_ws/install/articubot_one/share/articubot_one/config/drive_bot.rviz
-- Up-to-date symlink: /home/dominikfink/dev_ws/install/articubot_one/share/articubot_one/config/empty.yaml
-- Up-to-date symlink: /home/dominikfink/dev_ws/install/articubot_one/share/articubot_one/config/my_controllers.yaml
-- Up-to-date symlink: /home/dominikfink/dev_ws/install/articubot_one/share/articubot_one/config/view_bot.rviz
-- Up-to-date symlink: /home/dominikfink/dev_ws/install/articubot_one/share/articubot_one/description/camera.xacro
-- Up-to-date symlink: /home/dominikfink/dev_ws/install/articubot_one/share/articubot_one/description/depth_camera.xacro
-- Up-to-date symlink: /home/dominikfink/dev_ws/install/articubot_one/share/articubot_one/description/gazebo_control.xacro
-- Up-to-date symlink: /home/dominikfink/dev_ws/install/articubot_one/share/articubot_one/description/inertial_macros.xacro
-- Up-to-date symlink: /home/dominikfink/dev_ws/install/articubot_one/share/articubot_one/description/lidar.xacro
-- Up-to-date symlink: /home/dominikfink/dev_ws/install/articubot_one/share/articubot_one/description/robot.urdf.xacro
-- Up-to-date symlink: /home/dominikfink/dev_ws/install/articubot_one/share/articubot_one/description/robot_core.xacro
-- Up-to-date symlink: /home/dominikfink/dev_ws/install/articubot_one/share/articubot_one/description/ros2_control.xacro
-- Up-to-date symlink: /home/dominikfink/dev_ws/install/articubot_one/share/articubot_one/launch/launch_sim.launch.py
-- Up-to-date symlink: /home/dominikfink/dev_ws/install/articubot_one/share/articubot_one/launch/rsp.launch.py
