[0.006s] Invoking command in '/home/dominikfink/dev_ws/build/articubot_one': CMAKE_PREFIX_PATH=${CMAKE_PREFIX_PATH}:/opt/ros/iron /usr/bin/cmake --build /home/dominikfink/dev_ws/build/articubot_one -- -j16 -l16
[0.022s] -- Found ament_cmake: 2.0.6 (/opt/ros/iron/share/ament_cmake/cmake)
[0.105s] -- Override CMake install command with custom implementation using symlinks instead of copying resources
[0.114s] -- Found ament_lint_auto: 0.14.4 (/opt/ros/iron/share/ament_lint_auto/cmake)
[0.159s] -- Added test 'copyright' to check source files copyright and LICENSE
[0.167s] -- Added test 'cppcheck' to perform static code analysis on C / C++ code
[0.167s] -- Configured cppcheck include dirs: 
[0.167s] -- Configured cppcheck exclude dirs and/or files: 
[0.174s] -- Added test 'cpplint' to check C / C++ code against the Google style
[0.174s] -- Configured cpplint exclude dirs and/or files: 
[0.175s] -- Added test 'flake8' to check Python code syntax and style conventions
[0.175s] -- Configured 'flake8' exclude dirs and/or files: 
[0.177s] -- Added test 'lint_cmake' to check CMake code style
[0.178s] -- Added test 'pep257' to check Python code against some of the docstring style conventions in PEP 257
[0.184s] -- Added test 'uncrustify' to check C / C++ code style
[0.184s] -- Configured uncrustify additional arguments: 
[0.185s] -- Added test 'xmllint' to check XML markup files
[0.187s] -- Configuring done
[0.189s] -- Generating done
[0.190s] -- Build files have been written to: /home/dominikfink/dev_ws/build/articubot_one
[0.202s] Invoked command in '/home/dominikfink/dev_ws/build/articubot_one' returned '0': CMAKE_PREFIX_PATH=${CMAKE_PREFIX_PATH}:/opt/ros/iron /usr/bin/cmake --build /home/dominikfink/dev_ws/build/articubot_one -- -j16 -l16
[0.229s] Invoking command in '/home/dominikfink/dev_ws/build/articubot_one': CMAKE_PREFIX_PATH=${CMAKE_PREFIX_PATH}:/opt/ros/iron /usr/bin/cmake --install /home/dominikfink/dev_ws/build/articubot_one
[0.236s] -- Install configuration: ""
[0.236s] -- Execute custom install script
[0.237s] -- Up-to-date symlink: /home/dominikfink/dev_ws/install/articubot_one/share/articubot_one/config/drive_bot.rviz
[0.237s] -- Up-to-date symlink: /home/dominikfink/dev_ws/install/articubot_one/share/articubot_one/config/empty.yaml
[0.237s] -- Up-to-date symlink: /home/dominikfink/dev_ws/install/articubot_one/share/articubot_one/config/my_controllers.yaml
[0.237s] -- Up-to-date symlink: /home/dominikfink/dev_ws/install/articubot_one/share/articubot_one/config/view_bot.rviz
[0.237s] -- Up-to-date symlink: /home/dominikfink/dev_ws/install/articubot_one/share/articubot_one/description/camera.xacro
[0.237s] -- Up-to-date symlink: /home/dominikfink/dev_ws/install/articubot_one/share/articubot_one/description/depth_camera.xacro
[0.237s] -- Up-to-date symlink: /home/dominikfink/dev_ws/install/articubot_one/share/articubot_one/description/gazebo_control.xacro
[0.237s] -- Up-to-date symlink: /home/dominikfink/dev_ws/install/articubot_one/share/articubot_one/description/inertial_macros.xacro
[0.237s] -- Up-to-date symlink: /home/dominikfink/dev_ws/install/articubot_one/share/articubot_one/description/lidar.xacro
[0.237s] -- Up-to-date symlink: /home/dominikfink/dev_ws/install/articubot_one/share/articubot_one/description/robot.urdf.xacro
[0.237s] -- Up-to-date symlink: /home/dominikfink/dev_ws/install/articubot_one/share/articubot_one/description/robot_core.xacro
[0.237s] -- Up-to-date symlink: /home/dominikfink/dev_ws/install/articubot_one/share/articubot_one/description/ros2_control.xacro
[0.237s] -- Up-to-date symlink: /home/dominikfink/dev_ws/install/articubot_one/share/articubot_one/launch/launch_sim.launch.py
[0.237s] -- Up-to-date symlink: /home/dominikfink/dev_ws/install/articubot_one/share/articubot_one/launch/rsp.launch.py
[0.237s] [31mCMake Error at ament_cmake_symlink_install/ament_cmake_symlink_install.cmake:100 (message):
[0.237s]   ament_cmake_symlink_install_directory() can't find
[0.237s]   '/home/dominikfink/dev_ws/articubot_one/model'
[0.237s] Call Stack (most recent call first):
[0.238s]   ament_cmake_symlink_install/ament_cmake_symlink_install.cmake:314 (ament_cmake_symlink_install_directory)
[0.238s]   cmake_install.cmake:46 (include)
[0.238s] 
[0.238s] [0m
[0.238s] Invoked command in '/home/dominikfink/dev_ws/build/articubot_one' returned '1': CMAKE_PREFIX_PATH=${CMAKE_PREFIX_PATH}:/opt/ros/iron /usr/bin/cmake --install /home/dominikfink/dev_ws/build/articubot_one
