-- Found ament_cmake: 2.0.6 (/opt/ros/iron/share/ament_cmake/cmake)
-- Override CMake install command with custom implementation using symlinks instead of copying resources
-- Found ament_lint_auto: 0.14.4 (/opt/ros/iron/share/ament_lint_auto/cmake)
-- Added test 'copyright' to check source files copyright and LICENSE
-- Added test 'cppcheck' to perform static code analysis on C / C++ code
-- Configured cppcheck include dirs: 
-- Configured cppcheck exclude dirs and/or files: 
-- Added test 'cpplint' to check C / C++ code against the Google style
-- Configured cpplint exclude dirs and/or files: 
-- Added test 'flake8' to check Python code syntax and style conventions
-- Configured 'flake8' exclude dirs and/or files: 
-- Added test 'lint_cmake' to check CMake code style
-- Added test 'pep257' to check Python code against some of the docstring style conventions in PEP 257
-- Added test 'uncrustify' to check C / C++ code style
-- Configured uncrustify additional arguments: 
-- Added test 'xmllint' to check XML markup files
-- Configuring done
-- Generating done
-- Build files have been written to: /home/dominikfink/dev_ws/build/articubot_one
-- Install configuration: ""
-- Execute custom install script
-- Symlinking: /home/dominikfink/dev_ws/install/articubot_one/share/articubot_one/config/ball_tracker_params_robot.yaml
-- Symlinking: /home/dominikfink/dev_ws/install/articubot_one/share/articubot_one/config/ball_tracker_params_sim.yaml
-- Up-to-date symlink: /home/dominikfink/dev_ws/install/articubot_one/share/articubot_one/config/drive_bot.rviz
-- Up-to-date symlink: /home/dominikfink/dev_ws/install/articubot_one/share/articubot_one/config/empty.yaml
-- Symlinking: /home/dominikfink/dev_ws/install/articubot_one/share/articubot_one/config/gaz_ros2_ctl_use_sim.yaml
-- Symlinking: /home/dominikfink/dev_ws/install/articubot_one/share/articubot_one/config/gazebo_params.yaml
-- Symlinking: /home/dominikfink/dev_ws/install/articubot_one/share/articubot_one/config/joystick.yaml
-- Symlinking: /home/dominikfink/dev_ws/install/articubot_one/share/articubot_one/config/main.rviz
-- Symlinking: /home/dominikfink/dev_ws/install/articubot_one/share/articubot_one/config/map.rviz
-- Symlinking: /home/dominikfink/dev_ws/install/articubot_one/share/articubot_one/config/mapper_params_online_async.yaml
-- Up-to-date symlink: /home/dominikfink/dev_ws/install/articubot_one/share/articubot_one/config/my_controllers.yaml
-- Symlinking: /home/dominikfink/dev_ws/install/articubot_one/share/articubot_one/config/nav2_params.yaml
-- Symlinking: /home/dominikfink/dev_ws/install/articubot_one/share/articubot_one/config/twist_mux.yaml
-- Up-to-date symlink: /home/dominikfink/dev_ws/install/articubot_one/share/articubot_one/config/view_bot.rviz
-- Up-to-date symlink: /home/dominikfink/dev_ws/install/articubot_one/share/articubot_one/description/camera.xacro
-- Up-to-date symlink: /home/dominikfink/dev_ws/install/articubot_one/share/articubot_one/description/depth_camera.xacro
-- Symlinking: /home/dominikfink/dev_ws/install/articubot_one/share/articubot_one/description/face.xacro
-- Up-to-date symlink: /home/dominikfink/dev_ws/install/articubot_one/share/articubot_one/description/gazebo_control.xacro
-- Up-to-date symlink: /home/dominikfink/dev_ws/install/articubot_one/share/articubot_one/description/inertial_macros.xacro
-- Up-to-date symlink: /home/dominikfink/dev_ws/install/articubot_one/share/articubot_one/description/lidar.xacro
-- Up-to-date symlink: /home/dominikfink/dev_ws/install/articubot_one/share/articubot_one/description/robot.urdf.xacro
-- Up-to-date symlink: /home/dominikfink/dev_ws/install/articubot_one/share/articubot_one/description/robot_core.xacro
-- Up-to-date symlink: /home/dominikfink/dev_ws/install/articubot_one/share/articubot_one/description/ros2_control.xacro
-- Symlinking: /home/dominikfink/dev_ws/install/articubot_one/share/articubot_one/launch/ball_tracker.launch.py
-- Symlinking: /home/dominikfink/dev_ws/install/articubot_one/share/articubot_one/launch/camera.launch.py
-- Symlinking: /home/dominikfink/dev_ws/install/articubot_one/share/articubot_one/launch/joystick.launch.py
-- Symlinking: /home/dominikfink/dev_ws/install/articubot_one/share/articubot_one/launch/launch_robot.launch.py
-- Up-to-date symlink: /home/dominikfink/dev_ws/install/articubot_one/share/articubot_one/launch/launch_sim.launch.py
-- Symlinking: /home/dominikfink/dev_ws/install/articubot_one/share/articubot_one/launch/localization_launch.py
-- Symlinking: /home/dominikfink/dev_ws/install/articubot_one/share/articubot_one/launch/navigation_launch.py
-- Symlinking: /home/dominikfink/dev_ws/install/articubot_one/share/articubot_one/launch/online_async_launch.py
-- Symlinking: /home/dominikfink/dev_ws/install/articubot_one/share/articubot_one/launch/rplidar.launch.py
-- Up-to-date symlink: /home/dominikfink/dev_ws/install/articubot_one/share/articubot_one/launch/rsp.launch.py
-- Up-to-date symlink: /home/dominikfink/dev_ws/install/articubot_one/share/articubot_one/worlds/empty.world
-- Up-to-date symlink: /home/dominikfink/dev_ws/install/articubot_one/share/articubot_one/worlds/moon.world
-- Up-to-date symlink: /home/dominikfink/dev_ws/install/articubot_one/share/articubot_one/worlds/obstacles.world
-- Up-to-date symlink: /home/dominikfink/dev_ws/install/articubot_one/share/articubot_one/worlds/own_moon.world
-- Up-to-date symlink: /home/dominikfink/dev_ws/install/articubot_one/share/ament_index/resource_index/package_run_dependencies/articubot_one
-- Up-to-date symlink: /home/dominikfink/dev_ws/install/articubot_one/share/ament_index/resource_index/parent_prefix_path/articubot_one
-- Up-to-date symlink: /home/dominikfink/dev_ws/install/articubot_one/share/articubot_one/environment/ament_prefix_path.sh
-- Up-to-date symlink: /home/dominikfink/dev_ws/install/articubot_one/share/articubot_one/environment/ament_prefix_path.dsv
-- Up-to-date symlink: /home/dominikfink/dev_ws/install/articubot_one/share/articubot_one/environment/path.sh
-- Up-to-date symlink: /home/dominikfink/dev_ws/install/articubot_one/share/articubot_one/environment/path.dsv
-- Up-to-date symlink: /home/dominikfink/dev_ws/install/articubot_one/share/articubot_one/local_setup.bash
-- Up-to-date symlink: /home/dominikfink/dev_ws/install/articubot_one/share/articubot_one/local_setup.sh
-- Up-to-date symlink: /home/dominikfink/dev_ws/install/articubot_one/share/articubot_one/local_setup.zsh
-- Up-to-date symlink: /home/dominikfink/dev_ws/install/articubot_one/share/articubot_one/local_setup.dsv
-- Symlinking: /home/dominikfink/dev_ws/install/articubot_one/share/articubot_one/package.dsv
-- Up-to-date symlink: /home/dominikfink/dev_ws/install/articubot_one/share/ament_index/resource_index/packages/articubot_one
-- Up-to-date symlink: /home/dominikfink/dev_ws/install/articubot_one/share/articubot_one/cmake/articubot_oneConfig.cmake
-- Up-to-date symlink: /home/dominikfink/dev_ws/install/articubot_one/share/articubot_one/cmake/articubot_oneConfig-version.cmake
-- Up-to-date symlink: /home/dominikfink/dev_ws/install/articubot_one/share/articubot_one/package.xml
