[0.007s] Invoking command in '/home/dominikfink/dev_ws/build/articubot_one': CMAKE_PREFIX_PATH=${CMAKE_PREFIX_PATH}:/opt/ros/iron /usr/bin/cmake --build /home/dominikfink/dev_ws/build/articubot_one -- -j16 -l16
[0.021s] -- Found ament_cmake: 2.0.6 (/opt/ros/iron/share/ament_cmake/cmake)
[0.102s] -- Override CMake install command with custom implementation using symlinks instead of copying resources
[0.106s] -- Found ament_lint_auto: 0.14.4 (/opt/ros/iron/share/ament_lint_auto/cmake)
[0.147s] -- Added test 'copyright' to check source files copyright and LICENSE
[0.157s] -- Added test 'cppcheck' to perform static code analysis on C / C++ code
[0.157s] -- Configured cppcheck include dirs: 
[0.157s] -- Configured cppcheck exclude dirs and/or files: 
[0.163s] -- Added test 'cpplint' to check C / C++ code against the Google style
[0.163s] -- Configured cpplint exclude dirs and/or files: 
[0.164s] -- Added test 'flake8' to check Python code syntax and style conventions
[0.164s] -- Configured 'flake8' exclude dirs and/or files: 
[0.166s] -- Added test 'lint_cmake' to check CMake code style
[0.167s] -- Added test 'pep257' to check Python code against some of the docstring style conventions in PEP 257
[0.173s] -- Added test 'uncrustify' to check C / C++ code style
[0.173s] -- Configured uncrustify additional arguments: 
[0.175s] -- Added test 'xmllint' to check XML markup files
[0.175s] -- Configuring done
[0.178s] -- Generating done
[0.178s] -- Build files have been written to: /home/dominikfink/dev_ws/build/articubot_one
[0.191s] Invoked command in '/home/dominikfink/dev_ws/build/articubot_one' returned '0': CMAKE_PREFIX_PATH=${CMAKE_PREFIX_PATH}:/opt/ros/iron /usr/bin/cmake --build /home/dominikfink/dev_ws/build/articubot_one -- -j16 -l16
[0.207s] Invoking command in '/home/dominikfink/dev_ws/build/articubot_one': CMAKE_PREFIX_PATH=${CMAKE_PREFIX_PATH}:/opt/ros/iron /usr/bin/cmake --install /home/dominikfink/dev_ws/build/articubot_one
[0.211s] -- Install configuration: ""
[0.211s] -- Execute custom install script
[0.211s] -- Symlinking: /home/dominikfink/dev_ws/install/articubot_one/share/articubot_one/config/ball_tracker_params_robot.yaml
[0.216s] -- Symlinking: /home/dominikfink/dev_ws/install/articubot_one/share/articubot_one/config/ball_tracker_params_sim.yaml
[0.220s] -- Up-to-date symlink: /home/dominikfink/dev_ws/install/articubot_one/share/articubot_one/config/drive_bot.rviz
[0.221s] -- Up-to-date symlink: /home/dominikfink/dev_ws/install/articubot_one/share/articubot_one/config/empty.yaml
[0.221s] -- Symlinking: /home/dominikfink/dev_ws/install/articubot_one/share/articubot_one/config/gaz_ros2_ctl_use_sim.yaml
[0.225s] -- Symlinking: /home/dominikfink/dev_ws/install/articubot_one/share/articubot_one/config/gazebo_params.yaml
[0.229s] -- Symlinking: /home/dominikfink/dev_ws/install/articubot_one/share/articubot_one/config/joystick.yaml
[0.234s] -- Symlinking: /home/dominikfink/dev_ws/install/articubot_one/share/articubot_one/config/main.rviz
[0.238s] -- Symlinking: /home/dominikfink/dev_ws/install/articubot_one/share/articubot_one/config/map.rviz
[0.243s] -- Symlinking: /home/dominikfink/dev_ws/install/articubot_one/share/articubot_one/config/mapper_params_online_async.yaml
[0.247s] -- Up-to-date symlink: /home/dominikfink/dev_ws/install/articubot_one/share/articubot_one/config/my_controllers.yaml
[0.247s] -- Symlinking: /home/dominikfink/dev_ws/install/articubot_one/share/articubot_one/config/nav2_params.yaml
[0.252s] -- Symlinking: /home/dominikfink/dev_ws/install/articubot_one/share/articubot_one/config/twist_mux.yaml
[0.256s] -- Up-to-date symlink: /home/dominikfink/dev_ws/install/articubot_one/share/articubot_one/config/view_bot.rviz
[0.256s] -- Up-to-date symlink: /home/dominikfink/dev_ws/install/articubot_one/share/articubot_one/description/camera.xacro
[0.256s] -- Up-to-date symlink: /home/dominikfink/dev_ws/install/articubot_one/share/articubot_one/description/depth_camera.xacro
[0.256s] -- Symlinking: /home/dominikfink/dev_ws/install/articubot_one/share/articubot_one/description/face.xacro
[0.261s] -- Up-to-date symlink: /home/dominikfink/dev_ws/install/articubot_one/share/articubot_one/description/gazebo_control.xacro
[0.261s] -- Up-to-date symlink: /home/dominikfink/dev_ws/install/articubot_one/share/articubot_one/description/inertial_macros.xacro
[0.261s] -- Up-to-date symlink: /home/dominikfink/dev_ws/install/articubot_one/share/articubot_one/description/lidar.xacro
[0.261s] -- Up-to-date symlink: /home/dominikfink/dev_ws/install/articubot_one/share/articubot_one/description/robot.urdf.xacro
[0.261s] -- Up-to-date symlink: /home/dominikfink/dev_ws/install/articubot_one/share/articubot_one/description/robot_core.xacro
[0.261s] -- Up-to-date symlink: /home/dominikfink/dev_ws/install/articubot_one/share/articubot_one/description/ros2_control.xacro
[0.261s] -- Symlinking: /home/dominikfink/dev_ws/install/articubot_one/share/articubot_one/launch/ball_tracker.launch.py
[0.266s] -- Symlinking: /home/dominikfink/dev_ws/install/articubot_one/share/articubot_one/launch/camera.launch.py
[0.270s] -- Symlinking: /home/dominikfink/dev_ws/install/articubot_one/share/articubot_one/launch/joystick.launch.py
[0.274s] -- Symlinking: /home/dominikfink/dev_ws/install/articubot_one/share/articubot_one/launch/launch_robot.launch.py
[0.279s] -- Up-to-date symlink: /home/dominikfink/dev_ws/install/articubot_one/share/articubot_one/launch/launch_sim.launch.py
[0.279s] -- Symlinking: /home/dominikfink/dev_ws/install/articubot_one/share/articubot_one/launch/localization_launch.py
[0.283s] -- Symlinking: /home/dominikfink/dev_ws/install/articubot_one/share/articubot_one/launch/navigation_launch.py
[0.288s] -- Symlinking: /home/dominikfink/dev_ws/install/articubot_one/share/articubot_one/launch/online_async_launch.py
[0.292s] -- Symlinking: /home/dominikfink/dev_ws/install/articubot_one/share/articubot_one/launch/rplidar.launch.py
[0.297s] -- Up-to-date symlink: /home/dominikfink/dev_ws/install/articubot_one/share/articubot_one/launch/rsp.launch.py
[0.297s] -- Up-to-date symlink: /home/dominikfink/dev_ws/install/articubot_one/share/articubot_one/worlds/empty.world
[0.297s] -- Up-to-date symlink: /home/dominikfink/dev_ws/install/articubot_one/share/articubot_one/worlds/moon.world
[0.297s] -- Up-to-date symlink: /home/dominikfink/dev_ws/install/articubot_one/share/articubot_one/worlds/obstacles.world
[0.297s] -- Up-to-date symlink: /home/dominikfink/dev_ws/install/articubot_one/share/articubot_one/worlds/own_moon.world
[0.297s] -- Up-to-date symlink: /home/dominikfink/dev_ws/install/articubot_one/share/ament_index/resource_index/package_run_dependencies/articubot_one
[0.297s] -- Up-to-date symlink: /home/dominikfink/dev_ws/install/articubot_one/share/ament_index/resource_index/parent_prefix_path/articubot_one
[0.297s] -- Up-to-date symlink: /home/dominikfink/dev_ws/install/articubot_one/share/articubot_one/environment/ament_prefix_path.sh
[0.297s] -- Up-to-date symlink: /home/dominikfink/dev_ws/install/articubot_one/share/articubot_one/environment/ament_prefix_path.dsv
[0.297s] -- Up-to-date symlink: /home/dominikfink/dev_ws/install/articubot_one/share/articubot_one/environment/path.sh
[0.297s] -- Up-to-date symlink: /home/dominikfink/dev_ws/install/articubot_one/share/articubot_one/environment/path.dsv
[0.297s] -- Up-to-date symlink: /home/dominikfink/dev_ws/install/articubot_one/share/articubot_one/local_setup.bash
[0.298s] -- Up-to-date symlink: /home/dominikfink/dev_ws/install/articubot_one/share/articubot_one/local_setup.sh
[0.298s] -- Up-to-date symlink: /home/dominikfink/dev_ws/install/articubot_one/share/articubot_one/local_setup.zsh
[0.298s] -- Up-to-date symlink: /home/dominikfink/dev_ws/install/articubot_one/share/articubot_one/local_setup.dsv
[0.298s] -- Symlinking: /home/dominikfink/dev_ws/install/articubot_one/share/articubot_one/package.dsv
[0.302s] -- Up-to-date symlink: /home/dominikfink/dev_ws/install/articubot_one/share/ament_index/resource_index/packages/articubot_one
[0.302s] -- Up-to-date symlink: /home/dominikfink/dev_ws/install/articubot_one/share/articubot_one/cmake/articubot_oneConfig.cmake
[0.302s] -- Up-to-date symlink: /home/dominikfink/dev_ws/install/articubot_one/share/articubot_one/cmake/articubot_oneConfig-version.cmake
[0.302s] -- Up-to-date symlink: /home/dominikfink/dev_ws/install/articubot_one/share/articubot_one/package.xml
[0.304s] Invoked command in '/home/dominikfink/dev_ws/build/articubot_one' returned '0': CMAKE_PREFIX_PATH=${CMAKE_PREFIX_PATH}:/opt/ros/iron /usr/bin/cmake --install /home/dominikfink/dev_ws/build/articubot_one
