[0.065s] DEBUG:colcon:Command line arguments: ['/usr/bin/colcon', 'build', '--symlink-install']
[0.065s] DEBUG:colcon:Parsed command line arguments: Namespace(log_base=None, log_level=None, verb_name='build', build_base='build', install_base='install', merge_install=False, symlink_install=True, test_result_base=None, continue_on_error=False, executor='parallel', parallel_workers=16, event_handlers=None, ignore_user_meta=False, metas=['./colcon.meta'], base_paths=['.'], packages_ignore=None, packages_ignore_regex=None, paths=None, packages_up_to=None, packages_up_to_regex=None, packages_above=None, packages_above_and_dependencies=None, packages_above_depth=None, packages_select_by_dep=None, packages_skip_by_dep=None, packages_skip_up_to=None, packages_select_build_failed=False, packages_skip_build_finished=False, packages_select_test_failures=False, packages_skip_test_passed=False, packages_select=None, packages_skip=None, packages_select_regex=None, packages_skip_regex=None, packages_start=None, packages_end=None, allow_overriding=[], cmake_args=None, cmake_target=None, cmake_target_skip_unavailable=False, cmake_clean_cache=False, cmake_clean_first=False, cmake_force_configure=False, ament_cmake_args=None, catkin_cmake_args=None, catkin_skip_building_tests=False, mixin_files=None, mixin=None, verb_parser=<colcon_mixin.mixin.mixin_argument.MixinArgumentDecorator object at 0x7496c0659d80>, verb_extension=<colcon_core.verb.build.BuildVerb object at 0x7496c0659810>, main=<bound method BuildVerb.main of <colcon_core.verb.build.BuildVerb object at 0x7496c0659810>>, mixin_verb=('build',))
[0.161s] Level 1:colcon.colcon_core.package_discovery:discover_packages(colcon_meta) check parameters
[0.161s] Level 1:colcon.colcon_core.package_discovery:discover_packages(recursive) check parameters
[0.161s] Level 1:colcon.colcon_core.package_discovery:discover_packages(ignore) check parameters
[0.161s] Level 1:colcon.colcon_core.package_discovery:discover_packages(path) check parameters
[0.161s] Level 1:colcon.colcon_core.package_discovery:discover_packages(colcon_meta) discover
[0.161s] Level 1:colcon.colcon_core.package_discovery:discover_packages(recursive) discover
[0.161s] INFO:colcon.colcon_core.package_discovery:Crawling recursively for packages in '/home/dominikfink/dev_ws/articubot_one'
[0.161s] Level 1:colcon.colcon_core.package_identification:_identify(.) by extensions ['ignore', 'ignore_ament_install']
[0.161s] Level 1:colcon.colcon_core.package_identification:_identify(.) by extension 'ignore'
[0.162s] Level 1:colcon.colcon_core.package_identification:_identify(.) by extension 'ignore_ament_install'
[0.162s] Level 1:colcon.colcon_core.package_identification:_identify(.) by extensions ['colcon_pkg']
[0.162s] Level 1:colcon.colcon_core.package_identification:_identify(.) by extension 'colcon_pkg'
[0.162s] Level 1:colcon.colcon_core.package_identification:_identify(.) by extensions ['colcon_meta']
[0.162s] Level 1:colcon.colcon_core.package_identification:_identify(.) by extension 'colcon_meta'
[0.162s] Level 1:colcon.colcon_core.package_identification:_identify(.) by extensions ['ros']
[0.162s] Level 1:colcon.colcon_core.package_identification:_identify(.) by extension 'ros'
[0.170s] DEBUG:colcon.colcon_core.package_identification:Package '.' with type 'ros.ament_cmake' and name 'articubot_one'
[0.170s] Level 1:colcon.colcon_core.package_discovery:discover_packages(recursive) using defaults
[0.170s] Level 1:colcon.colcon_core.package_discovery:discover_packages(ignore) discover
[0.170s] Level 1:colcon.colcon_core.package_discovery:discover_packages(ignore) using defaults
[0.170s] Level 1:colcon.colcon_core.package_discovery:discover_packages(path) discover
[0.170s] Level 1:colcon.colcon_core.package_discovery:discover_packages(path) using defaults
[0.182s] Level 1:colcon.colcon_core.package_discovery:discover_packages(prefix_path) check parameters
[0.182s] Level 1:colcon.colcon_core.package_discovery:discover_packages(prefix_path) discover
[0.183s] DEBUG:colcon.colcon_installed_package_information.package_discovery:Found 1 installed packages in /home/dominikfink/dev_ws/install
[0.184s] DEBUG:colcon.colcon_installed_package_information.package_discovery:Found 292 installed packages in /opt/ros/iron
[0.190s] Level 1:colcon.colcon_core.package_discovery:discover_packages(prefix_path) using defaults
[0.214s] Level 5:colcon.colcon_core.verb:set package 'articubot_one' build argument 'cmake_args' from command line to 'None'
[0.214s] Level 5:colcon.colcon_core.verb:set package 'articubot_one' build argument 'cmake_target' from command line to 'None'
[0.214s] Level 5:colcon.colcon_core.verb:set package 'articubot_one' build argument 'cmake_target_skip_unavailable' from command line to 'False'
[0.214s] Level 5:colcon.colcon_core.verb:set package 'articubot_one' build argument 'cmake_clean_cache' from command line to 'False'
[0.214s] Level 5:colcon.colcon_core.verb:set package 'articubot_one' build argument 'cmake_clean_first' from command line to 'False'
[0.214s] Level 5:colcon.colcon_core.verb:set package 'articubot_one' build argument 'cmake_force_configure' from command line to 'False'
[0.214s] Level 5:colcon.colcon_core.verb:set package 'articubot_one' build argument 'ament_cmake_args' from command line to 'None'
[0.214s] Level 5:colcon.colcon_core.verb:set package 'articubot_one' build argument 'catkin_cmake_args' from command line to 'None'
[0.214s] Level 5:colcon.colcon_core.verb:set package 'articubot_one' build argument 'catkin_skip_building_tests' from command line to 'False'
[0.215s] DEBUG:colcon.colcon_core.verb:Building package 'articubot_one' with the following arguments: {'ament_cmake_args': None, 'build_base': '/home/dominikfink/dev_ws/articubot_one/build/articubot_one', 'catkin_cmake_args': None, 'catkin_skip_building_tests': False, 'cmake_args': None, 'cmake_clean_cache': False, 'cmake_clean_first': False, 'cmake_force_configure': False, 'cmake_target': None, 'cmake_target_skip_unavailable': False, 'install_base': '/home/dominikfink/dev_ws/articubot_one/install/articubot_one', 'merge_install': False, 'path': '/home/dominikfink/dev_ws/articubot_one', 'symlink_install': True, 'test_result_base': None}
[0.215s] INFO:colcon.colcon_core.executor:Executing jobs using 'parallel' executor
[0.215s] DEBUG:colcon.colcon_parallel_executor.executor.parallel:run_until_complete
[0.215s] INFO:colcon.colcon_ros.task.ament_cmake.build:Building ROS package in '/home/dominikfink/dev_ws/articubot_one' with build type 'ament_cmake'
[0.215s] INFO:colcon.colcon_cmake.task.cmake.build:Building CMake package in '/home/dominikfink/dev_ws/articubot_one'
[0.216s] INFO:colcon.colcon_core.plugin_system:Skipping extension 'colcon_core.shell.bat': Not used on non-Windows systems
[0.216s] INFO:colcon.colcon_core.shell:Skip shell extension 'powershell' for command environment: Not usable outside of PowerShell
[0.216s] DEBUG:colcon.colcon_core.shell:Skip shell extension 'dsv' for command environment
[0.222s] DEBUG:colcon.colcon_core.event_handler.log_command:Invoking command in '/home/dominikfink/dev_ws/articubot_one/build/articubot_one': CMAKE_PREFIX_PATH=${CMAKE_PREFIX_PATH}:/opt/ros/iron /usr/bin/cmake --build /home/dominikfink/dev_ws/articubot_one/build/articubot_one -- -j16 -l16
[0.234s] DEBUG:colcon.colcon_core.event_handler.log_command:Invoked command in '/home/dominikfink/dev_ws/articubot_one/build/articubot_one' returned '2': CMAKE_PREFIX_PATH=${CMAKE_PREFIX_PATH}:/opt/ros/iron /usr/bin/cmake --build /home/dominikfink/dev_ws/articubot_one/build/articubot_one -- -j16 -l16
[0.246s] Level 1:colcon.colcon_core.environment:create_environment_scripts_only(articubot_one)
[0.247s] Level 1:colcon.colcon_core.environment:checking '/home/dominikfink/dev_ws/articubot_one/install/articubot_one' for CMake module files
[0.247s] Level 1:colcon.colcon_core.environment:checking '/home/dominikfink/dev_ws/articubot_one/install/articubot_one' for CMake config files
[0.248s] Level 1:colcon.colcon_core.shell:create_environment_hook('articubot_one', 'cmake_prefix_path')
[0.248s] INFO:colcon.colcon_core.shell:Creating environment hook '/home/dominikfink/dev_ws/articubot_one/install/articubot_one/share/articubot_one/hook/cmake_prefix_path.ps1'
[0.248s] INFO:colcon.colcon_core.shell:Creating environment descriptor '/home/dominikfink/dev_ws/articubot_one/install/articubot_one/share/articubot_one/hook/cmake_prefix_path.dsv'
[0.249s] INFO:colcon.colcon_core.shell:Creating environment hook '/home/dominikfink/dev_ws/articubot_one/install/articubot_one/share/articubot_one/hook/cmake_prefix_path.sh'
[0.249s] Level 1:colcon.colcon_core.environment:checking '/home/dominikfink/dev_ws/articubot_one/install/articubot_one/bin'
[0.249s] Level 1:colcon.colcon_core.environment:checking '/home/dominikfink/dev_ws/articubot_one/install/articubot_one/lib/pkgconfig/articubot_one.pc'
[0.249s] Level 1:colcon.colcon_core.environment:checking '/home/dominikfink/dev_ws/articubot_one/install/articubot_one/lib/python3.10/site-packages'
[0.250s] Level 1:colcon.colcon_core.environment:checking '/home/dominikfink/dev_ws/articubot_one/install/articubot_one/bin'
[0.250s] INFO:colcon.colcon_core.shell:Creating package script '/home/dominikfink/dev_ws/articubot_one/install/articubot_one/share/articubot_one/package.ps1'
[0.250s] INFO:colcon.colcon_core.shell:Creating package descriptor '/home/dominikfink/dev_ws/articubot_one/install/articubot_one/share/articubot_one/package.dsv'
[0.251s] INFO:colcon.colcon_core.shell:Creating package script '/home/dominikfink/dev_ws/articubot_one/install/articubot_one/share/articubot_one/package.sh'
[0.251s] INFO:colcon.colcon_core.shell:Creating package script '/home/dominikfink/dev_ws/articubot_one/install/articubot_one/share/articubot_one/package.bash'
[0.251s] INFO:colcon.colcon_core.shell:Creating package script '/home/dominikfink/dev_ws/articubot_one/install/articubot_one/share/articubot_one/package.zsh'
[0.252s] Level 1:colcon.colcon_core.environment:create_file_with_runtime_dependencies(/home/dominikfink/dev_ws/articubot_one/install/articubot_one/share/colcon-core/packages/articubot_one)
[0.262s] DEBUG:colcon.colcon_parallel_executor.executor.parallel:closing loop
[0.262s] DEBUG:colcon.colcon_parallel_executor.executor.parallel:loop closed
[0.262s] DEBUG:colcon.colcon_parallel_executor.executor.parallel:run_until_complete finished with '2'
[0.262s] DEBUG:colcon.colcon_core.event_reactor:joining thread
[0.265s] INFO:colcon.colcon_core.plugin_system:Skipping extension 'colcon_notification.desktop_notification.terminal_notifier': Not used on non-Darwin systems
[0.265s] INFO:colcon.colcon_core.plugin_system:Skipping extension 'colcon_notification.desktop_notification.win32': Not used on non-Windows systems
[0.265s] INFO:colcon.colcon_notification.desktop_notification:Sending desktop notification using 'notify2'
[0.357s] DEBUG:colcon.colcon_core.event_reactor:joined thread
[0.358s] INFO:colcon.colcon_core.shell:Creating prefix script '/home/dominikfink/dev_ws/articubot_one/install/local_setup.ps1'
[0.359s] INFO:colcon.colcon_core.shell:Creating prefix util module '/home/dominikfink/dev_ws/articubot_one/install/_local_setup_util_ps1.py'
[0.359s] INFO:colcon.colcon_core.shell:Creating prefix chain script '/home/dominikfink/dev_ws/articubot_one/install/setup.ps1'
[0.360s] INFO:colcon.colcon_core.shell:Creating prefix script '/home/dominikfink/dev_ws/articubot_one/install/local_setup.sh'
[0.360s] INFO:colcon.colcon_core.shell:Creating prefix util module '/home/dominikfink/dev_ws/articubot_one/install/_local_setup_util_sh.py'
[0.361s] INFO:colcon.colcon_core.shell:Creating prefix chain script '/home/dominikfink/dev_ws/articubot_one/install/setup.sh'
[0.361s] INFO:colcon.colcon_core.shell:Creating prefix script '/home/dominikfink/dev_ws/articubot_one/install/local_setup.bash'
[0.361s] INFO:colcon.colcon_core.shell:Creating prefix chain script '/home/dominikfink/dev_ws/articubot_one/install/setup.bash'
[0.362s] INFO:colcon.colcon_core.shell:Creating prefix script '/home/dominikfink/dev_ws/articubot_one/install/local_setup.zsh'
[0.362s] INFO:colcon.colcon_core.shell:Creating prefix chain script '/home/dominikfink/dev_ws/articubot_one/install/setup.zsh'
